2025-08-08T15:28:17.105+05:30  INFO 13060 --- [demo2] [main] com.example.demo.Demo2Application        : Starting Demo2Application using Java 21.0.6 with PID 13060 (E:\Java21\demo2\target\classes started by ipsso in E:\Java21\demo2)
2025-08-08T15:28:17.106+05:30 DEBUG 13060 --- [demo2] [main] com.example.demo.Demo2Application        : Running with Spring Boot v3.5.4, Spring v6.2.9
2025-08-08T15:28:17.106+05:30  INFO 13060 --- [demo2] [main] com.example.demo.Demo2Application        : No active profile set, falling back to 1 default profile: "default"
2025-08-08T15:28:17.848+05:30  INFO 13060 --- [demo2] [main] o.s.b.w.embedded.tomcat.TomcatWebServer  : Tomcat initialized with port 8080 (http)
2025-08-08T15:28:17.863+05:30  INFO 13060 --- [demo2] [main] o.apache.catalina.core.StandardService   : Starting service [Tomcat]
2025-08-08T15:28:17.865+05:30  INFO 13060 --- [demo2] [main] o.apache.catalina.core.StandardEngine    : Starting Servlet engine: [Apache Tomcat/10.1.43]
2025-08-08T15:28:17.908+05:30  INFO 13060 --- [demo2] [main] o.a.c.c.C.[Tomcat].[localhost].[/]       : Initializing Spring embedded WebApplicationContext
2025-08-08T15:28:17.908+05:30  INFO 13060 --- [demo2] [main] w.s.c.ServletWebServerApplicationContext : Root WebApplicationContext: initialization completed in 750 ms
2025-08-08T15:28:18.178+05:30  INFO 13060 --- [demo2] [main] o.s.b.w.embedded.tomcat.TomcatWebServer  : Tomcat started on port 8080 (http) with context path '/'
2025-08-08T15:28:18.184+05:30  INFO 13060 --- [demo2] [main] com.example.demo.Demo2Application        : Started Demo2Application in 1.511 seconds (process running for 2.115)
2025-08-08T15:28:47.095+05:30  INFO 13060 --- [demo2] [SpringApplicationShutdownHook] o.s.b.w.e.tomcat.GracefulShutdown        : Commencing graceful shutdown. Waiting for active requests to complete
2025-08-08T15:28:47.158+05:30  INFO 13060 --- [demo2] [tomcat-shutdown] o.s.b.w.e.tomcat.GracefulShutdown        : Graceful shutdown complete
2025-08-08T15:29:21.275+05:30  INFO 24380 --- [demo2] [main] com.example.demo.Demo2Application        : Starting Demo2Application using Java 21.0.6 with PID 24380 (E:\Java21\demo2\target\classes started by ipsso in E:\Java21\demo2)
2025-08-08T15:29:21.279+05:30 DEBUG 24380 --- [demo2] [main] com.example.demo.Demo2Application        : Running with Spring Boot v3.5.4, Spring v6.2.9
2025-08-08T15:29:21.281+05:30  INFO 24380 --- [demo2] [main] com.example.demo.Demo2Application        : No active profile set, falling back to 1 default profile: "default"
2025-08-08T15:29:22.532+05:30  INFO 24380 --- [demo2] [main] o.s.b.w.embedded.tomcat.TomcatWebServer  : Tomcat initialized with port 8080 (http)
2025-08-08T15:29:22.552+05:30  INFO 24380 --- [demo2] [main] o.apache.catalina.core.StandardService   : Starting service [Tomcat]
2025-08-08T15:29:22.552+05:30  INFO 24380 --- [demo2] [main] o.apache.catalina.core.StandardEngine    : Starting Servlet engine: [Apache Tomcat/10.1.43]
2025-08-08T15:29:22.611+05:30  INFO 24380 --- [demo2] [main] o.a.c.c.C.[Tomcat].[localhost].[/]       : Initializing Spring embedded WebApplicationContext
2025-08-08T15:29:22.612+05:30  INFO 24380 --- [demo2] [main] w.s.c.ServletWebServerApplicationContext : Root WebApplicationContext: initialization completed in 1263 ms
2025-08-08T15:29:23.023+05:30  INFO 24380 --- [demo2] [main] o.s.b.w.embedded.tomcat.TomcatWebServer  : Tomcat started on port 8080 (http) with context path '/'
2025-08-08T15:29:23.034+05:30  INFO 24380 --- [demo2] [main] com.example.demo.Demo2Application        : Started Demo2Application in 2.261 seconds (process running for 2.818)
2025-08-08T15:35:24.371+05:30  INFO 24380 --- [demo2] [SpringApplicationShutdownHook] o.s.b.w.e.tomcat.GracefulShutdown        : Commencing graceful shutdown. Waiting for active requests to complete
2025-08-08T15:35:24.418+05:30  INFO 24380 --- [demo2] [tomcat-shutdown] o.s.b.w.e.tomcat.GracefulShutdown        : Graceful shutdown complete
2025-08-08T15:35:27.864+05:30  INFO 18616 --- [demo2] [main] com.example.demo.Demo2Application        : Starting Demo2Application using Java 21.0.6 with PID 18616 (E:\Java21\demo2\target\classes started by ipsso in E:\Java21\demo2)
2025-08-08T15:35:27.866+05:30 DEBUG 18616 --- [demo2] [main] com.example.demo.Demo2Application        : Running with Spring Boot v3.5.4, Spring v6.2.9
2025-08-08T15:35:27.866+05:30  INFO 18616 --- [demo2] [main] com.example.demo.Demo2Application        : No active profile set, falling back to 1 default profile: "default"
2025-08-08T15:35:28.684+05:30  INFO 18616 --- [demo2] [main] o.s.b.w.embedded.tomcat.TomcatWebServer  : Tomcat initialized with port 8080 (http)
2025-08-08T15:35:28.742+05:30  INFO 18616 --- [demo2] [main] w.s.c.ServletWebServerApplicationContext : Root WebApplicationContext: initialization completed in 830 ms
2025-08-08T15:35:29.055+05:30  INFO 18616 --- [demo2] [main] o.s.b.w.embedded.tomcat.TomcatWebServer  : Tomcat started on port 8080 (http) with context path '/'
2025-08-08T15:35:29.061+05:30  INFO 18616 --- [demo2] [SpringApplicationShutdownHook] o.s.b.w.e.tomcat.GracefulShutdown        : Commencing graceful shutdown. Waiting for active requests to complete
2025-08-08T15:35:29.061+05:30  INFO 18616 --- [demo2] [main] com.example.demo.Demo2Application        : Started Demo2Application in 1.671 seconds (process running for 3.01)
2025-08-08T15:35:29.079+05:30  INFO 18616 --- [demo2] [tomcat-shutdown] o.s.b.w.e.tomcat.GracefulShutdown        : Graceful shutdown complete
2025-08-08 15:43:36.190 INFO  com.example.demo.Demo2Application - Starting Demo2Application using Java 21.0.6 with PID 11092 (E:\Java21\demo2\target\classes started by ipsso in E:\Java21\demo2)
2025-08-08 15:43:36.198 DEBUG com.example.demo.Demo2Application - Running with Spring Boot v3.5.4, Spring v6.2.9
2025-08-08 15:43:36.199 INFO  com.example.demo.Demo2Application - No active profile set, falling back to 1 default profile: "default"
2025-08-08 15:43:37.184 INFO  org.springframework.boot.web.embedded.tomcat.TomcatWebServer - Tomcat initialized with port 8080 (http)
2025-08-08 15:43:37.199 INFO  org.apache.coyote.http11.Http11NioProtocol - Initializing ProtocolHandler ["http-nio-8080"]
2025-08-08 15:43:37.200 INFO  org.apache.catalina.core.StandardService - Starting service [Tomcat]
2025-08-08 15:43:37.200 INFO  org.apache.catalina.core.StandardEngine - Starting Servlet engine: [Apache Tomcat/10.1.43]
2025-08-08 15:43:37.247 INFO  org.apache.catalina.core.ContainerBase.[Tomcat].[localhost].[/] - Initializing Spring embedded WebApplicationContext
2025-08-08 15:43:37.247 INFO  org.springframework.boot.web.servlet.context.ServletWebServerApplicationContext - Root WebApplicationContext: initialization completed in 985 ms
2025-08-08 15:43:37.700 INFO  org.apache.coyote.http11.Http11NioProtocol - Starting ProtocolHandler ["http-nio-8080"]
2025-08-08 15:43:37.721 INFO  org.springframework.boot.web.embedded.tomcat.TomcatWebServer - Tomcat started on port 8080 (http) with context path '/'
2025-08-08 15:43:37.731 INFO  com.example.demo.Demo2Application - Started Demo2Application in 2.256 seconds (process running for 3.5)
2025-08-08 15:44:05.244 INFO  org.apache.catalina.core.ContainerBase.[Tomcat].[localhost].[/] - Initializing Spring DispatcherServlet 'dispatcherServlet'
2025-08-08 15:44:05.245 INFO  org.springframework.web.servlet.DispatcherServlet - Initializing Servlet 'dispatcherServlet'
2025-08-08 15:44:05.247 INFO  org.springframework.web.servlet.DispatcherServlet - Completed initialization in 2 ms
2025-08-08 15:44:05.378 DEBUG com.example.demo.HelloController - DEBUG: Input name=Sourabh
2025-08-08 15:44:05.378 INFO  com.example.demo.HelloController - INFO: Saying hello to Sourabh
2025-08-08 15:44:05.378 WARN  com.example.demo.HelloController - WARN: Just a sample warning for Sourabh
2025-08-08 15:44:05.379 ERROR com.example.demo.HelloController - ERROR: Example error log for Sourabh
2025-08-08 15:49:47.885 INFO  org.springframework.boot.web.embedded.tomcat.GracefulShutdown - Commencing graceful shutdown. Waiting for active requests to complete
2025-08-08 15:49:47.914 INFO  org.springframework.boot.web.embedded.tomcat.GracefulShutdown - Graceful shutdown complete
